::1 - - [07/Dec/2025:05:47:50 +0000] "POST /api/v1/auth/register HTTP/1.1" - - "-" "PostmanRuntime/7.49.1"
::1 - - [07/Dec/2025:05:53:40 +0000] "POST /api/v1/auth/register HTTP/1.1" 500 - "-" "PostmanRuntime/7.49.1"
::1 - - [07/Dec/2025:05:54:33 +0000] "POST /api/v1/auth/register HTTP/1.1" 500 - "-" "PostmanRuntime/7.49.1"
::1 - - [07/Dec/2025:06:15:13 +0000] "GET /api/v1/health HTTP/1.1" 200 159 "-" "PostmanRuntime/7.49.1"
::1 - - [07/Dec/2025:06:28:35 +0000] "POST /api/v1/auth/register HTTP/1.1" 200 182 "-" "PostmanRuntime/7.49.1"
::1 - - [07/Dec/2025:06:37:49 +0000] "POST /api/v1/auth/register HTTP/1.1" 500 998 "-" "PostmanRuntime/7.49.1"
::1 - - [07/Dec/2025:06:45:14 +0000] "POST /api/v1/auth/register HTTP/1.1" 500 985 "-" "PostmanRuntime/7.49.1"
::1 - - [07/Dec/2025:06:48:19 +0000] "POST /api/v1/auth/register HTTP/1.1" 500 985 "-" "PostmanRuntime/7.49.1"
::1 - - [07/Dec/2025:06:50:38 +0000] "POST /api/v1/auth/register HTTP/1.1" 500 985 "-" "PostmanRuntime/7.49.1"
::1 - - [07/Dec/2025:06:52:40 +0000] "POST /api/v1/auth/register HTTP/1.1" 500 985 "-" "PostmanRuntime/7.49.1"
::1 - - [07/Dec/2025:06:55:42 +0000] "POST /api/v1/auth/register HTTP/1.1" 201 549 "-" "PostmanRuntime/7.49.1"
::1 - - [07/Dec/2025:06:56:11 +0000] "POST /api/v1/auth/register HTTP/1.1" 400 448 "-" "PostmanRuntime/7.49.1"
::1 - - [07/Dec/2025:06:58:42 +0000] "POST /api/v1/auth/login HTTP/1.1" 200 582 "-" "PostmanRuntime/7.49.1"
::1 - - [07/Dec/2025:06:59:40 +0000] "POST /api/v1/auth/logout HTTP/1.1" 401 119 "-" "PostmanRuntime/7.49.1"
::1 - - [07/Dec/2025:07:00:34 +0000] "POST /api/v1/auth/logout HTTP/1.1" 200 52 "-" "PostmanRuntime/7.49.1"
::1 - - [07/Dec/2025:07:05:03 +0000] "POST /api/v1/auth/change-password HTTP/1.1" 401 119 "-" "PostmanRuntime/7.49.1"
::1 - - [07/Dec/2025:07:05:11 +0000] "POST /api/v1/auth/login HTTP/1.1" 200 582 "-" "PostmanRuntime/7.49.1"
::1 - - [07/Dec/2025:07:05:55 +0000] "POST /api/v1/auth/change-password HTTP/1.1" 404 80 "-" "PostmanRuntime/7.49.1"
::1 - - [07/Dec/2025:07:06:26 +0000] "PATCH /api/v1/auth/change-password HTTP/1.1" 400 146 "-" "PostmanRuntime/7.49.1"
::1 - - [07/Dec/2025:07:07:32 +0000] "PATCH /api/v1/auth/change-password HTTP/1.1" 400 146 "-" "PostmanRuntime/7.49.1"
::1 - - [07/Dec/2025:07:09:07 +0000] "PATCH /api/v1/auth/change-password HTTP/1.1" 400 146 "-" "PostmanRuntime/7.49.1"
::1 - - [07/Dec/2025:07:13:43 +0000] "PATCH /api/v1/auth/change-password HTTP/1.1" 400 146 "-" "PostmanRuntime/7.49.1"
::1 - - [07/Dec/2025:07:15:24 +0000] "PATCH /api/v1/auth/change-password HTTP/1.1" 200 58 "-" "PostmanRuntime/7.49.1"
::1 - - [07/Dec/2025:07:15:33 +0000] "POST /api/v1/auth/login HTTP/1.1" 401 375 "-" "PostmanRuntime/7.49.1"
::1 - - [07/Dec/2025:07:15:58 +0000] "POST /api/v1/auth/login HTTP/1.1" 200 582 "-" "PostmanRuntime/7.49.1"
::1 - - [07/Dec/2025:07:29:58 +0000] "POST /api/v1/auth/register HTTP/1.1" 201 543 "-" "PostmanRuntime/7.49.1"
::1 - - [07/Dec/2025:07:31:06 +0000] "POST /api/v1/auth/register HTTP/1.1" 201 248 "-" "PostmanRuntime/7.49.1"
::1 - - [07/Dec/2025:07:34:14 +0000] "GET /api/v1/auth/me HTTP/1.1" 401 119 "-" "PostmanRuntime/7.49.1"
::1 - - [07/Dec/2025:07:34:19 +0000] "GET /api/v1/auth/me HTTP/1.1" 200 365 "-" "PostmanRuntime/7.49.1"
::1 - - [07/Dec/2025:07:34:53 +0000] "POST /api/v1/auth/login HTTP/1.1" 200 577 "-" "PostmanRuntime/7.49.1"
::1 - - [07/Dec/2025:07:35:07 +0000] "GET /api/v1/auth/me HTTP/1.1" 200 365 "-" "PostmanRuntime/7.49.1"
::1 - - [07/Dec/2025:07:35:45 +0000] "GET /api/v1/auth/me HTTP/1.1" 200 360 "-" "PostmanRuntime/7.49.1"
::1 - - [07/Dec/2025:07:35:49 +0000] "GET /api/v1/auth/me HTTP/1.1" 200 360 "-" "PostmanRuntime/7.49.1"
::1 - - [07/Dec/2025:07:35:51 +0000] "GET /api/v1/auth/me HTTP/1.1" 200 360 "-" "PostmanRuntime/7.49.1"
::1 - - [07/Dec/2025:07:38:12 +0000] "GET /api/v1/auth/me HTTP/1.1" 200 360 "-" "PostmanRuntime/7.49.1"
::1 - - [07/Dec/2025:07:38:29 +0000] "GET /api/v1/auth/me HTTP/1.1" 200 360 "-" "PostmanRuntime/7.49.1"
::1 - - [07/Dec/2025:07:38:37 +0000] "GET /api/v1/auth/me HTTP/1.1" 200 360 "-" "PostmanRuntime/7.49.1"
::1 - - [07/Dec/2025:07:38:40 +0000] "GET /api/v1/auth/me HTTP/1.1" 200 360 "-" "PostmanRuntime/7.49.1"
::1 - - [07/Dec/2025:07:38:41 +0000] "GET /api/v1/auth/me HTTP/1.1" 200 360 "-" "PostmanRuntime/7.49.1"
::1 - - [07/Dec/2025:07:38:42 +0000] "GET /api/v1/auth/me HTTP/1.1" 200 360 "-" "PostmanRuntime/7.49.1"
::1 - - [07/Dec/2025:07:38:43 +0000] "GET /api/v1/auth/me HTTP/1.1" 200 360 "-" "PostmanRuntime/7.49.1"
::1 - - [07/Dec/2025:07:38:44 +0000] "GET /api/v1/auth/me HTTP/1.1" 200 360 "-" "PostmanRuntime/7.49.1"
::1 - - [07/Dec/2025:07:38:45 +0000] "GET /api/v1/auth/me HTTP/1.1" 200 360 "-" "PostmanRuntime/7.49.1"
::1 - - [07/Dec/2025:07:40:50 +0000] "GET /api/v1/auth/me HTTP/1.1" 200 360 "-" "PostmanRuntime/7.49.1"
::1 - - [07/Dec/2025:07:49:46 +0000] "GET /api/v1/auth/me HTTP/1.1" 200 360 "-" "PostmanRuntime/7.49.1"
::1 - - [07/Dec/2025:07:49:52 +0000] "GET /api/v1/auth/me HTTP/1.1" 200 360 "-" "PostmanRuntime/7.49.1"
::1 - - [07/Dec/2025:07:49:54 +0000] "GET /api/v1/auth/me HTTP/1.1" 200 360 "-" "PostmanRuntime/7.49.1"
::1 - - [07/Dec/2025:07:49:55 +0000] "GET /api/v1/auth/me HTTP/1.1" 200 360 "-" "PostmanRuntime/7.49.1"
::1 - - [07/Dec/2025:07:49:56 +0000] "GET /api/v1/auth/me HTTP/1.1" 200 360 "-" "PostmanRuntime/7.49.1"
::1 - - [07/Dec/2025:07:49:57 +0000] "GET /api/v1/auth/me HTTP/1.1" 200 360 "-" "PostmanRuntime/7.49.1"
::1 - - [07/Dec/2025:07:49:58 +0000] "GET /api/v1/auth/me HTTP/1.1" 200 360 "-" "PostmanRuntime/7.49.1"
::1 - - [07/Dec/2025:07:49:58 +0000] "GET /api/v1/auth/me HTTP/1.1" 200 360 "-" "PostmanRuntime/7.49.1"
::1 - - [07/Dec/2025:07:49:59 +0000] "GET /api/v1/auth/me HTTP/1.1" 200 360 "-" "PostmanRuntime/7.49.1"
::1 - - [07/Dec/2025:07:50:00 +0000] "GET /api/v1/auth/me HTTP/1.1" 200 360 "-" "PostmanRuntime/7.49.1"
::1 - - [07/Dec/2025:07:53:34 +0000] "GET /api/v1/auth/me HTTP/1.1" 200 360 "-" "PostmanRuntime/7.49.1"
::1 - - [07/Dec/2025:07:53:38 +0000] "GET /api/v1/auth/me HTTP/1.1" 200 360 "-" "PostmanRuntime/7.49.1"
::1 - - [07/Dec/2025:07:53:44 +0000] "GET /api/v1/auth/me HTTP/1.1" 200 360 "-" "PostmanRuntime/7.49.1"
::1 - - [07/Dec/2025:07:53:47 +0000] "GET /api/v1/auth/me HTTP/1.1" 200 360 "-" "PostmanRuntime/7.49.1"
::1 - - [07/Dec/2025:07:53:52 +0000] "GET /api/v1/auth/me HTTP/1.1" 200 360 "-" "PostmanRuntime/7.49.1"
::1 - - [07/Dec/2025:07:53:54 +0000] "GET /api/v1/auth/me HTTP/1.1" 200 360 "-" "PostmanRuntime/7.49.1"
::1 - - [08/Dec/2025:06:19:01 +0000] "POST /api/v1/auth/login HTTP/1.1" 200 577 "-" "PostmanRuntime/7.49.1"
::1 - - [08/Dec/2025:06:19:56 +0000] "POST /api/v1/tasks HTTP/1.1" 403 130 "-" "PostmanRuntime/7.49.1"
::1 - - [08/Dec/2025:06:21:03 +0000] "POST /api/v1/tasks HTTP/1.1" 400 - "-" "PostmanRuntime/7.49.1"
::1 - - [08/Dec/2025:08:22:52 +0000] "POST /api/v1/tasks HTTP/1.1" 400 - "-" "PostmanRuntime/7.49.1"
::1 - - [08/Dec/2025:08:30:41 +0000] "POST /api/v1/tasks HTTP/1.1" 400 - "-" "PostmanRuntime/7.49.1"
::1 - - [08/Dec/2025:08:32:26 +0000] "POST /api/v1/tasks HTTP/1.1" 400 - "-" "PostmanRuntime/7.49.1"
::1 - - [08/Dec/2025:08:32:34 +0000] "POST /api/v1/tasks HTTP/1.1" 400 - "-" "PostmanRuntime/7.49.1"
::1 - - [08/Dec/2025:08:33:08 +0000] "POST /api/v1/tasks HTTP/1.1" 400 - "-" "PostmanRuntime/7.49.1"
::1 - - [08/Dec/2025:08:33:34 +0000] "POST /api/v1/tasks HTTP/1.1" 400 - "-" "PostmanRuntime/7.49.1"
::1 - - [08/Dec/2025:08:34:26 +0000] "POST /api/v1/tasks HTTP/1.1" 400 - "-" "PostmanRuntime/7.49.1"
::1 - - [08/Dec/2025:08:35:00 +0000] "POST /api/v1/tasks HTTP/1.1" 404 456 "-" "PostmanRuntime/7.49.1"
::1 - - [08/Dec/2025:08:36:36 +0000] "POST /api/v1/tasks HTTP/1.1" 500 - "-" "PostmanRuntime/7.49.1"
::1 - - [08/Dec/2025:08:37:20 +0000] "POST /api/v1/tasks HTTP/1.1" 500 - "-" "PostmanRuntime/7.49.1"
::1 - - [08/Dec/2025:08:39:05 +0000] "POST /api/v1/tasks HTTP/1.1" 201 611 "-" "PostmanRuntime/7.49.1"
::1 - - [08/Dec/2025:10:05:06 +0000] "POST /api/v1/tasks HTTP/1.1" 201 612 "-" "PostmanRuntime/7.49.1"
::1 - - [08/Dec/2025:10:10:17 +0000] "POST /api/v1/my-tasks?user_id=693524ee61c193a479ee1c04 HTTP/1.1" 404 101 "-" "PostmanRuntime/7.49.1"
::1 - - [08/Dec/2025:10:10:30 +0000] "POST /api/v1/my-tasks HTTP/1.1" 404 68 "-" "PostmanRuntime/7.49.1"
::1 - - [08/Dec/2025:10:12:35 +0000] "POST /api/v1/my-tasks?id=693524ee61c193a479ee1c04 HTTP/1.1" 404 96 "-" "PostmanRuntime/7.49.1"
::1 - - [08/Dec/2025:10:13:39 +0000] "POST /api/v1/my-tasks?id=693524ee61c193a479ee1c04 HTTP/1.1" 404 96 "-" "PostmanRuntime/7.49.1"
::1 - - [08/Dec/2025:10:13:59 +0000] "POST /api/v1/my-tasks HTTP/1.1" 404 68 "-" "PostmanRuntime/7.49.1"
::1 - - [08/Dec/2025:10:14:48 +0000] "POST /api/v1/tasks/my-tasks HTTP/1.1" 404 74 "-" "PostmanRuntime/7.49.1"
::1 - - [08/Dec/2025:10:14:54 +0000] "POST /api/v1/tasks/my-tasks HTTP/1.1" 404 74 "-" "PostmanRuntime/7.49.1"
::1 - - [08/Dec/2025:10:16:50 +0000] "POST /api/v1/tasks/my-tasks HTTP/1.1" 404 74 "-" "PostmanRuntime/7.49.1"
::1 - - [08/Dec/2025:10:18:00 +0000] "POST /api/v1/auth/login HTTP/1.1" 401 375 "-" "PostmanRuntime/7.49.1"
::1 - - [08/Dec/2025:10:18:15 +0000] "POST /api/v1/auth/login HTTP/1.1" 401 375 "-" "PostmanRuntime/7.49.1"
::1 - - [08/Dec/2025:10:18:20 +0000] "POST /api/v1/auth/login HTTP/1.1" 401 375 "-" "PostmanRuntime/7.49.1"
::1 - - [08/Dec/2025:10:18:26 +0000] "POST /api/v1/auth/login HTTP/1.1" 401 375 "-" "PostmanRuntime/7.49.1"
::1 - - [08/Dec/2025:10:18:36 +0000] "POST /api/v1/auth/login HTTP/1.1" 401 375 "-" "PostmanRuntime/7.49.1"
::1 - - [08/Dec/2025:10:18:42 +0000] "POST /api/v1/auth/login HTTP/1.1" 401 375 "-" "PostmanRuntime/7.49.1"
::1 - - [08/Dec/2025:10:18:51 +0000] "POST /api/v1/auth/login HTTP/1.1" 401 375 "-" "PostmanRuntime/7.49.1"
::1 - - [08/Dec/2025:10:18:55 +0000] "POST /api/v1/auth/login HTTP/1.1" 401 375 "-" "PostmanRuntime/7.49.1"
::1 - - [08/Dec/2025:10:19:00 +0000] "POST /api/v1/auth/login HTTP/1.1" 401 375 "-" "PostmanRuntime/7.49.1"
::1 - - [08/Dec/2025:10:19:05 +0000] "POST /api/v1/auth/login HTTP/1.1" 401 375 "-" "PostmanRuntime/7.49.1"
::1 - - [08/Dec/2025:10:19:27 +0000] "POST /api/v1/auth/login HTTP/1.1" 401 375 "-" "PostmanRuntime/7.49.1"
::1 - - [08/Dec/2025:10:19:46 +0000] "POST /api/v1/auth/login HTTP/1.1" 401 375 "-" "PostmanRuntime/7.49.1"
::1 - - [08/Dec/2025:10:19:51 +0000] "POST /api/v1/auth/login HTTP/1.1" 401 375 "-" "PostmanRuntime/7.49.1"
::1 - - [08/Dec/2025:10:20:15 +0000] "POST /api/v1/auth/login HTTP/1.1" 401 375 "-" "PostmanRuntime/7.49.1"
::1 - - [08/Dec/2025:10:21:12 +0000] "POST /api/v1/auth/login HTTP/1.1" 200 582 "-" "PostmanRuntime/7.49.1"
::1 - - [08/Dec/2025:10:21:29 +0000] "GET /api/v1/tasks/my-tasks HTTP/1.1" 200 174 "-" "PostmanRuntime/7.49.1"
::1 - - [08/Dec/2025:10:21:47 +0000] "GET /api/v1/tasks/my-tasks HTTP/1.1" 401 119 "-" "PostmanRuntime/7.49.1"
::1 - - [08/Dec/2025:10:22:24 +0000] "GET /api/v1/tasks/my-tasks HTTP/1.1" 200 - "-" "PostmanRuntime/7.49.1"
::1 - - [08/Dec/2025:10:23:07 +0000] "GET /api/v1/tasks/my-tasks?title=Fix%20payment%20gateway%20problem HTTP/1.1" 400 795 "-" "PostmanRuntime/7.49.1"
::1 - - [08/Dec/2025:10:23:18 +0000] "GET /api/v1/tasks/my-tasks?Fix%20payment%20gateway%20problem HTTP/1.1" 400 795 "-" "PostmanRuntime/7.49.1"
::1 - - [08/Dec/2025:10:23:29 +0000] "GET /api/v1/tasks/my-tasks?title=Fix%20payment%20gateway%20problem HTTP/1.1" 400 795 "-" "PostmanRuntime/7.49.1"
::1 - - [08/Dec/2025:10:23:37 +0000] "GET /api/v1/tasks/my-tasks HTTP/1.1" 200 - "-" "PostmanRuntime/7.49.1"
::1 - - [08/Dec/2025:10:26:54 +0000] "POST /api/v1/tasks HTTP/1.1" 201 612 "-" "PostmanRuntime/7.49.1"
::1 - - [08/Dec/2025:10:28:50 +0000] "POST /api/v1/tasks HTTP/1.1" 404 456 "-" "PostmanRuntime/7.49.1"
::1 - - [08/Dec/2025:10:29:23 +0000] "POST /api/v1/tasks HTTP/1.1" 201 617 "-" "PostmanRuntime/7.49.1"
::1 - - [08/Dec/2025:10:29:39 +0000] "GET /api/v1/tasks/my-tasks HTTP/1.1" 200 - "-" "PostmanRuntime/7.49.1"
::ffff:172.19.0.1 - - [08/Dec/2025:12:46:16 +0000] "POST /api/v1/auth/login HTTP/1.1" 200 582 "-" "PostmanRuntime/7.49.1"
::ffff:172.19.0.1 - - [08/Dec/2025:12:49:36 +0000] "POST /api/v1/tasks HTTP/1.1" 403 130 "-" "PostmanRuntime/7.49.1"
::ffff:172.19.0.1 - - [08/Dec/2025:12:50:18 +0000] "POST /api/v1/auth/login HTTP/1.1" 400 135 "-" "PostmanRuntime/7.49.1"
::ffff:172.19.0.1 - - [08/Dec/2025:12:50:34 +0000] "POST /api/v1/auth/login HTTP/1.1" 200 578 "-" "PostmanRuntime/7.49.1"
::ffff:172.19.0.1 - - [08/Dec/2025:12:50:50 +0000] "POST /api/v1/tasks HTTP/1.1" 201 608 "-" "PostmanRuntime/7.49.1"
::ffff:172.19.0.1 - - [09/Dec/2025:10:37:47 +0000] "GET /api/v1/tasks/my-tasks HTTP/1.1" 401 108 "-" "PostmanRuntime/7.49.1"
::1 - - [09/Dec/2025:16:45:55 +0000] "POST /api/v1/auth/register HTTP/1.1" 202 544 "-" "PostmanRuntime/7.49.1"
::1 - - [09/Dec/2025:16:46:28 +0000] "POST /api/v1/auth/register HTTP/1.1" 202 542 "-" "PostmanRuntime/7.49.1"
::1 - - [10/Dec/2025:04:07:39 +0000] "POST /api/v1/tasks HTTP/1.1" 401 108 "-" "PostmanRuntime/7.49.1"
::1 - - [10/Dec/2025:04:07:48 +0000] "POST /api/v1/auth/login HTTP/1.1" 200 577 "-" "PostmanRuntime/7.49.1"
::1 - - [10/Dec/2025:04:08:11 +0000] "POST /api/v1/tasks HTTP/1.1" 403 130 "-" "PostmanRuntime/7.49.1"
::1 - - [10/Dec/2025:04:08:29 +0000] "POST /api/v1/auth/login HTTP/1.1" 401 459 "-" "PostmanRuntime/7.49.1"
::1 - - [10/Dec/2025:04:08:45 +0000] "POST /api/v1/auth/login HTTP/1.1" 401 375 "-" "PostmanRuntime/7.49.1"
::1 - - [10/Dec/2025:04:08:54 +0000] "POST /api/v1/auth/login HTTP/1.1" 200 575 "-" "PostmanRuntime/7.49.1"
::1 - - [10/Dec/2025:04:09:10 +0000] "POST /api/v1/tasks HTTP/1.1" 404 456 "-" "PostmanRuntime/7.49.1"
::1 - - [10/Dec/2025:04:09:38 +0000] "POST /api/v1/tasks HTTP/1.1" 201 608 "-" "PostmanRuntime/7.49.1"
::1 - - [10/Dec/2025:10:11:52 +0000] "GET /health HTTP/1.1" 404 58 "-" "-"
::1 - - [10/Dec/2025:10:11:57 +0000] "GET /health HTTP/1.1" 404 58 "-" "-"
::1 - - [10/Dec/2025:10:12:02 +0000] "GET /health HTTP/1.1" 404 58 "-" "-"
::1 - - [10/Dec/2025:10:12:07 +0000] "GET /health HTTP/1.1" 404 58 "-" "-"
::1 - - [10/Dec/2025:10:12:13 +0000] "GET /health HTTP/1.1" 404 58 "-" "-"
::1 - - [10/Dec/2025:10:12:18 +0000] "GET /health HTTP/1.1" 404 58 "-" "-"
::ffff:172.19.0.1 - - [10/Dec/2025:10:12:30 +0000] "POST /api/v1/auth/login HTTP/1.1" 200 575 "-" "PostmanRuntime/7.49.1"
::1 - - [10/Dec/2025:10:12:50 +0000] "GET /health HTTP/1.1" 404 58 "-" "-"
::1 - - [10/Dec/2025:10:13:20 +0000] "GET /health HTTP/1.1" 404 58 "-" "-"
::1 - - [10/Dec/2025:10:13:50 +0000] "GET /health HTTP/1.1" 404 58 "-" "-"
::1 - - [10/Dec/2025:10:14:21 +0000] "GET /health HTTP/1.1" 404 58 "-" "-"
::1 - - [10/Dec/2025:10:14:51 +0000] "GET /health HTTP/1.1" 404 58 "-" "-"
::1 - - [10/Dec/2025:10:15:21 +0000] "GET /health HTTP/1.1" 404 58 "-" "-"
::1 - - [10/Dec/2025:10:15:51 +0000] "GET /health HTTP/1.1" 404 58 "-" "-"
::1 - - [10/Dec/2025:10:16:21 +0000] "GET /health HTTP/1.1" 404 58 "-" "-"
::1 - - [10/Dec/2025:10:16:51 +0000] "GET /health HTTP/1.1" 404 58 "-" "-"
::1 - - [10/Dec/2025:10:17:21 +0000] "GET /health HTTP/1.1" 404 58 "-" "-"
::1 - - [10/Dec/2025:10:17:51 +0000] "GET /health HTTP/1.1" 404 58 "-" "-"
::1 - - [10/Dec/2025:10:18:22 +0000] "GET /health HTTP/1.1" 404 58 "-" "-"
::1 - - [10/Dec/2025:10:18:52 +0000] "GET /health HTTP/1.1" 404 58 "-" "-"
::1 - - [10/Dec/2025:10:19:22 +0000] "GET /health HTTP/1.1" 404 58 "-" "-"
::1 - - [10/Dec/2025:10:19:52 +0000] "GET /health HTTP/1.1" 404 58 "-" "-"
::1 - - [10/Dec/2025:10:20:22 +0000] "GET /health HTTP/1.1" 404 58 "-" "-"
::1 - - [10/Dec/2025:10:20:52 +0000] "GET /health HTTP/1.1" 404 58 "-" "-"
::1 - - [10/Dec/2025:10:21:22 +0000] "GET /health HTTP/1.1" 404 58 "-" "-"
::1 - - [10/Dec/2025:10:21:52 +0000] "GET /health HTTP/1.1" 404 58 "-" "-"
::1 - - [10/Dec/2025:13:30:05 +0000] "GET /health HTTP/1.1" 404 58 "-" "-"
::1 - - [10/Dec/2025:13:30:10 +0000] "GET /health HTTP/1.1" 404 58 "-" "-"
::1 - - [10/Dec/2025:13:30:15 +0000] "GET /health HTTP/1.1" 404 58 "-" "-"
::1 - - [10/Dec/2025:13:30:20 +0000] "GET /health HTTP/1.1" 404 58 "-" "-"
::1 - - [10/Dec/2025:13:30:25 +0000] "GET /health HTTP/1.1" 404 58 "-" "-"
::1 - - [10/Dec/2025:13:30:30 +0000] "GET /health HTTP/1.1" 404 58 "-" "-"
::1 - - [10/Dec/2025:13:31:01 +0000] "GET /health HTTP/1.1" 404 58 "-" "-"
::1 - - [10/Dec/2025:13:31:31 +0000] "GET /health HTTP/1.1" 404 58 "-" "-"
::1 - - [10/Dec/2025:13:32:01 +0000] "GET /health HTTP/1.1" 404 58 "-" "-"
::1 - - [10/Dec/2025:13:32:31 +0000] "GET /health HTTP/1.1" 404 58 "-" "-"
::1 - - [10/Dec/2025:13:33:01 +0000] "GET /health HTTP/1.1" 404 58 "-" "-"
::1 - - [10/Dec/2025:13:33:31 +0000] "GET /health HTTP/1.1" 404 58 "-" "-"
::1 - - [10/Dec/2025:13:34:01 +0000] "GET /health HTTP/1.1" 404 58 "-" "-"
::1 - - [10/Dec/2025:13:34:32 +0000] "GET /health HTTP/1.1" 404 58 "-" "-"
::1 - - [10/Dec/2025:13:35:02 +0000] "GET /health HTTP/1.1" 404 58 "-" "-"
::1 - - [10/Dec/2025:13:35:32 +0000] "GET /health HTTP/1.1" 404 58 "-" "-"
::1 - - [10/Dec/2025:13:36:02 +0000] "GET /health HTTP/1.1" 404 58 "-" "-"
::1 - - [10/Dec/2025:13:36:32 +0000] "GET /health HTTP/1.1" 404 58 "-" "-"
::1 - - [10/Dec/2025:13:37:02 +0000] "GET /health HTTP/1.1" 404 58 "-" "-"
::1 - - [10/Dec/2025:13:37:32 +0000] "GET /health HTTP/1.1" 404 58 "-" "-"
::1 - - [10/Dec/2025:13:38:02 +0000] "GET /health HTTP/1.1" 404 58 "-" "-"
::1 - - [10/Dec/2025:13:38:33 +0000] "GET /health HTTP/1.1" 404 58 "-" "-"
::1 - - [10/Dec/2025:13:39:03 +0000] "GET /health HTTP/1.1" 404 58 "-" "-"
::1 - - [10/Dec/2025:13:39:33 +0000] "GET /health HTTP/1.1" 404 58 "-" "-"
::1 - - [10/Dec/2025:13:40:03 +0000] "GET /health HTTP/1.1" 404 58 "-" "-"
::1 - - [10/Dec/2025:13:40:33 +0000] "GET /health HTTP/1.1" 404 58 "-" "-"
::1 - - [10/Dec/2025:13:41:03 +0000] "GET /health HTTP/1.1" 404 58 "-" "-"
::1 - - [10/Dec/2025:13:41:33 +0000] "GET /health HTTP/1.1" 404 58 "-" "-"
::1 - - [10/Dec/2025:13:42:03 +0000] "GET /health HTTP/1.1" 404 58 "-" "-"
::1 - - [10/Dec/2025:13:42:34 +0000] "GET /health HTTP/1.1" 404 58 "-" "-"
::1 - - [10/Dec/2025:13:43:04 +0000] "GET /health HTTP/1.1" 404 58 "-" "-"
::1 - - [10/Dec/2025:13:43:34 +0000] "GET /health HTTP/1.1" 404 58 "-" "-"
::1 - - [10/Dec/2025:13:44:04 +0000] "GET /health HTTP/1.1" 404 58 "-" "-"
::1 - - [10/Dec/2025:13:44:34 +0000] "GET /health HTTP/1.1" 404 58 "-" "-"
::1 - - [10/Dec/2025:13:45:04 +0000] "GET /health HTTP/1.1" 404 58 "-" "-"
::1 - - [10/Dec/2025:13:45:34 +0000] "GET /health HTTP/1.1" 404 58 "-" "-"
::1 - - [10/Dec/2025:13:46:05 +0000] "GET /health HTTP/1.1" 404 58 "-" "-"
::1 - - [10/Dec/2025:13:46:35 +0000] "GET /health HTTP/1.1" 404 58 "-" "-"
::1 - - [10/Dec/2025:13:47:05 +0000] "GET /health HTTP/1.1" 404 58 "-" "-"
::1 - - [10/Dec/2025:13:47:35 +0000] "GET /health HTTP/1.1" 404 58 "-" "-"
::1 - - [10/Dec/2025:13:48:05 +0000] "GET /health HTTP/1.1" 404 58 "-" "-"
::1 - - [10/Dec/2025:13:48:35 +0000] "GET /health HTTP/1.1" 404 58 "-" "-"
::1 - - [10/Dec/2025:13:49:05 +0000] "GET /health HTTP/1.1" 404 58 "-" "-"
::1 - - [10/Dec/2025:13:49:35 +0000] "GET /health HTTP/1.1" 404 58 "-" "-"
::1 - - [10/Dec/2025:13:50:06 +0000] "GET /health HTTP/1.1" 404 58 "-" "-"
::1 - - [10/Dec/2025:13:50:36 +0000] "GET /health HTTP/1.1" 404 58 "-" "-"
::1 - - [10/Dec/2025:13:51:06 +0000] "GET /health HTTP/1.1" 404 58 "-" "-"
::1 - - [10/Dec/2025:13:51:36 +0000] "GET /health HTTP/1.1" 404 58 "-" "-"
::1 - - [10/Dec/2025:13:52:06 +0000] "GET /health HTTP/1.1" 404 58 "-" "-"
::1 - - [10/Dec/2025:13:52:36 +0000] "GET /health HTTP/1.1" 404 58 "-" "-"
::1 - - [10/Dec/2025:13:53:06 +0000] "GET /health HTTP/1.1" 404 58 "-" "-"
::1 - - [10/Dec/2025:13:53:36 +0000] "GET /health HTTP/1.1" 404 58 "-" "-"
::1 - - [10/Dec/2025:13:54:07 +0000] "GET /health HTTP/1.1" 404 58 "-" "-"
::1 - - [10/Dec/2025:13:54:37 +0000] "GET /health HTTP/1.1" 404 58 "-" "-"
::1 - - [10/Dec/2025:13:55:07 +0000] "GET /health HTTP/1.1" 404 58 "-" "-"
::1 - - [10/Dec/2025:13:55:37 +0000] "GET /health HTTP/1.1" 404 58 "-" "-"
::1 - - [10/Dec/2025:13:56:07 +0000] "GET /health HTTP/1.1" 404 58 "-" "-"
::1 - - [10/Dec/2025:13:56:37 +0000] "GET /health HTTP/1.1" 404 58 "-" "-"
::1 - - [10/Dec/2025:13:57:07 +0000] "GET /health HTTP/1.1" 404 58 "-" "-"
::1 - - [10/Dec/2025:13:57:37 +0000] "GET /health HTTP/1.1" 404 58 "-" "-"
::1 - - [10/Dec/2025:13:58:08 +0000] "GET /health HTTP/1.1" 404 58 "-" "-"
::1 - - [10/Dec/2025:13:58:38 +0000] "GET /health HTTP/1.1" 404 58 "-" "-"
::1 - - [10/Dec/2025:13:59:08 +0000] "GET /health HTTP/1.1" 404 58 "-" "-"
::1 - - [10/Dec/2025:13:59:38 +0000] "GET /health HTTP/1.1" 404 58 "-" "-"
::1 - - [10/Dec/2025:14:00:08 +0000] "GET /health HTTP/1.1" 404 58 "-" "-"
::1 - - [10/Dec/2025:14:00:38 +0000] "GET /health HTTP/1.1" 404 58 "-" "-"
::1 - - [10/Dec/2025:14:01:08 +0000] "GET /health HTTP/1.1" 404 58 "-" "-"
::1 - - [10/Dec/2025:14:01:39 +0000] "GET /health HTTP/1.1" 404 58 "-" "-"
::1 - - [10/Dec/2025:14:02:09 +0000] "GET /health HTTP/1.1" 404 58 "-" "-"
::1 - - [10/Dec/2025:14:02:39 +0000] "GET /health HTTP/1.1" 404 58 "-" "-"
::1 - - [10/Dec/2025:14:03:09 +0000] "GET /health HTTP/1.1" 404 58 "-" "-"
::1 - - [10/Dec/2025:14:03:39 +0000] "GET /health HTTP/1.1" 404 58 "-" "-"
